2022-04-13 15:28:01.016 [main] INFO  calculator.Calculator - [FACTORIAL] - 5.0
2022-04-13 15:28:01.019 [main] INFO  calculator.Calculator - [RESULT - FACTORIAL] - 120.0
2022-04-13 15:28:01.019 [main] INFO  calculator.Calculator - [FACTORIAL] - 4.0
2022-04-13 15:28:01.019 [main] INFO  calculator.Calculator - [RESULT - FACTORIAL] - 24.0
2022-04-13 15:28:01.020 [main] INFO  calculator.Calculator - [SQ ROOT] - 4.0
2022-04-13 15:28:01.021 [main] INFO  calculator.Calculator - [RESULT - SQ ROOT] - 2.0
2022-04-13 15:28:01.021 [main] INFO  calculator.Calculator - [SQ ROOT] - 0.36
2022-04-13 15:28:01.021 [main] INFO  calculator.Calculator - [RESULT - SQ ROOT] - 0.6
2022-04-13 15:28:01.022 [main] INFO  calculator.Calculator - [NATURAL LOG] - 1.0
2022-04-13 15:28:01.022 [main] INFO  calculator.Calculator - [RESULT - NATURAL LOG] - 0.0
2022-04-13 15:28:01.023 [main] INFO  calculator.Calculator - [FACTORIAL] - 5.0
2022-04-13 15:28:01.023 [main] INFO  calculator.Calculator - [RESULT - FACTORIAL] - 120.0
2022-04-13 15:28:01.023 [main] INFO  calculator.Calculator - [FACTORIAL] - 4.0
2022-04-13 15:28:01.023 [main] INFO  calculator.Calculator - [RESULT - FACTORIAL] - 24.0
2022-04-13 15:28:01.030 [main] INFO  calculator.Calculator - [POWER - 5.0 RAISED TO] 2.0
2022-04-13 15:28:01.030 [main] INFO  calculator.Calculator - [RESULT - POWER] - 25.0
2022-04-13 15:28:01.031 [main] INFO  calculator.Calculator - [POWER - 4.0 RAISED TO] 3.0
2022-04-13 15:28:01.031 [main] INFO  calculator.Calculator - [RESULT - POWER] - 64.0
2022-04-13 15:28:01.031 [main] INFO  calculator.Calculator - [SQ ROOT] - 4.0
2022-04-13 15:28:01.031 [main] INFO  calculator.Calculator - [RESULT - SQ ROOT] - 2.0
2022-04-13 15:28:01.031 [main] INFO  calculator.Calculator - [SQ ROOT] - 0.36
2022-04-13 15:28:01.032 [main] INFO  calculator.Calculator - [RESULT - SQ ROOT] - 0.6
2022-04-13 15:28:01.032 [main] INFO  calculator.Calculator - [POWER - 5.0 RAISED TO] 2.0
2022-04-13 15:28:01.032 [main] INFO  calculator.Calculator - [RESULT - POWER] - 25.0
2022-04-13 15:28:01.032 [main] INFO  calculator.Calculator - [POWER - 4.0 RAISED TO] 3.0
2022-04-13 15:28:01.033 [main] INFO  calculator.Calculator - [RESULT - POWER] - 64.0
2022-04-13 15:28:01.033 [main] INFO  calculator.Calculator - [NATURAL LOG] - 5.0
2022-04-13 15:28:01.033 [main] INFO  calculator.Calculator - [RESULT - NATURAL LOG] - 1.6094379124341003
2022-04-13 15:28:01.033 [main] INFO  calculator.Calculator - [NATURAL LOG] - 4.0
2022-04-13 15:28:01.034 [main] INFO  calculator.Calculator - [RESULT - NATURAL LOG] - 1.3862943611198906
2022-04-13 19:29:00.378 [main] INFO  calculator.Calculator - [FACTORIAL] - 5.0
2022-04-13 19:29:00.380 [main] INFO  calculator.Calculator - [RESULT - FACTORIAL] - 120.0
2022-04-13 19:29:00.381 [main] INFO  calculator.Calculator - [FACTORIAL] - 4.0
2022-04-13 19:29:00.381 [main] INFO  calculator.Calculator - [RESULT - FACTORIAL] - 24.0
2022-04-13 19:29:00.382 [main] INFO  calculator.Calculator - [SQ ROOT] - 4.0
2022-04-13 19:29:00.382 [main] INFO  calculator.Calculator - [RESULT - SQ ROOT] - 2.0
2022-04-13 19:29:00.382 [main] INFO  calculator.Calculator - [SQ ROOT] - 0.36
2022-04-13 19:29:00.383 [main] INFO  calculator.Calculator - [RESULT - SQ ROOT] - 0.6
2022-04-13 19:29:00.383 [main] INFO  calculator.Calculator - [NATURAL LOG] - 1.0
2022-04-13 19:29:00.384 [main] INFO  calculator.Calculator - [RESULT - NATURAL LOG] - 0.0
2022-04-13 19:29:00.385 [main] INFO  calculator.Calculator - [FACTORIAL] - 5.0
2022-04-13 19:29:00.385 [main] INFO  calculator.Calculator - [RESULT - FACTORIAL] - 120.0
2022-04-13 19:29:00.385 [main] INFO  calculator.Calculator - [FACTORIAL] - 4.0
2022-04-13 19:29:00.385 [main] INFO  calculator.Calculator - [RESULT - FACTORIAL] - 24.0
2022-04-13 19:29:00.394 [main] INFO  calculator.Calculator - [POWER - 5.0 RAISED TO] 2.0
2022-04-13 19:29:00.395 [main] INFO  calculator.Calculator - [RESULT - POWER] - 25.0
2022-04-13 19:29:00.396 [main] INFO  calculator.Calculator - [POWER - 4.0 RAISED TO] 3.0
2022-04-13 19:29:00.396 [main] INFO  calculator.Calculator - [RESULT - POWER] - 64.0
2022-04-13 19:29:00.396 [main] INFO  calculator.Calculator - [SQ ROOT] - 4.0
2022-04-13 19:29:00.396 [main] INFO  calculator.Calculator - [RESULT - SQ ROOT] - 2.0
2022-04-13 19:29:00.397 [main] INFO  calculator.Calculator - [SQ ROOT] - 0.36
2022-04-13 19:29:00.397 [main] INFO  calculator.Calculator - [RESULT - SQ ROOT] - 0.6
2022-04-13 19:29:00.397 [main] INFO  calculator.Calculator - [POWER - 5.0 RAISED TO] 2.0
2022-04-13 19:29:00.397 [main] INFO  calculator.Calculator - [RESULT - POWER] - 25.0
2022-04-13 19:29:00.397 [main] INFO  calculator.Calculator - [POWER - 4.0 RAISED TO] 3.0
2022-04-13 19:29:00.398 [main] INFO  calculator.Calculator - [RESULT - POWER] - 64.0
2022-04-13 19:29:00.398 [main] INFO  calculator.Calculator - [NATURAL LOG] - 5.0
2022-04-13 19:29:00.398 [main] INFO  calculator.Calculator - [RESULT - NATURAL LOG] - 1.6094379124341003
2022-04-13 19:29:00.398 [main] INFO  calculator.Calculator - [NATURAL LOG] - 4.0
2022-04-13 19:29:00.398 [main] INFO  calculator.Calculator - [RESULT - NATURAL LOG] - 1.3862943611198906
2022-04-13 19:33:58.194 [main] INFO  calculator.Calculator - [FACTORIAL] - 5.0
2022-04-13 19:33:58.196 [main] INFO  calculator.Calculator - [RESULT - FACTORIAL] - 120.0
2022-04-13 19:33:58.196 [main] INFO  calculator.Calculator - [FACTORIAL] - 4.0
2022-04-13 19:33:58.196 [main] INFO  calculator.Calculator - [RESULT - FACTORIAL] - 24.0
2022-04-13 19:33:58.197 [main] INFO  calculator.Calculator - [SQ ROOT] - 4.0
2022-04-13 19:33:58.198 [main] INFO  calculator.Calculator - [RESULT - SQ ROOT] - 2.0
2022-04-13 19:33:58.198 [main] INFO  calculator.Calculator - [SQ ROOT] - 0.36
2022-04-13 19:33:58.198 [main] INFO  calculator.Calculator - [RESULT - SQ ROOT] - 0.6
2022-04-13 19:33:58.199 [main] INFO  calculator.Calculator - [NATURAL LOG] - 1.0
2022-04-13 19:33:58.199 [main] INFO  calculator.Calculator - [RESULT - NATURAL LOG] - 0.0
2022-04-13 19:33:58.200 [main] INFO  calculator.Calculator - [FACTORIAL] - 5.0
2022-04-13 19:33:58.200 [main] INFO  calculator.Calculator - [RESULT - FACTORIAL] - 120.0
2022-04-13 19:33:58.200 [main] INFO  calculator.Calculator - [FACTORIAL] - 4.0
2022-04-13 19:33:58.201 [main] INFO  calculator.Calculator - [RESULT - FACTORIAL] - 24.0
2022-04-13 19:33:58.210 [main] INFO  calculator.Calculator - [POWER - 5.0 RAISED TO] 2.0
2022-04-13 19:33:58.211 [main] INFO  calculator.Calculator - [RESULT - POWER] - 25.0
2022-04-13 19:33:58.211 [main] INFO  calculator.Calculator - [POWER - 4.0 RAISED TO] 3.0
2022-04-13 19:33:58.211 [main] INFO  calculator.Calculator - [RESULT - POWER] - 64.0
2022-04-13 19:33:58.211 [main] INFO  calculator.Calculator - [SQ ROOT] - 4.0
2022-04-13 19:33:58.212 [main] INFO  calculator.Calculator - [RESULT - SQ ROOT] - 2.0
2022-04-13 19:33:58.212 [main] INFO  calculator.Calculator - [SQ ROOT] - 0.36
2022-04-13 19:33:58.212 [main] INFO  calculator.Calculator - [RESULT - SQ ROOT] - 0.6
2022-04-13 19:33:58.212 [main] INFO  calculator.Calculator - [POWER - 5.0 RAISED TO] 2.0
2022-04-13 19:33:58.213 [main] INFO  calculator.Calculator - [RESULT - POWER] - 25.0
2022-04-13 19:33:58.213 [main] INFO  calculator.Calculator - [POWER - 4.0 RAISED TO] 3.0
2022-04-13 19:33:58.213 [main] INFO  calculator.Calculator - [RESULT - POWER] - 64.0
2022-04-13 19:33:58.213 [main] INFO  calculator.Calculator - [NATURAL LOG] - 5.0
2022-04-13 19:33:58.214 [main] INFO  calculator.Calculator - [RESULT - NATURAL LOG] - 1.6094379124341003
2022-04-13 19:33:58.214 [main] INFO  calculator.Calculator - [NATURAL LOG] - 4.0
2022-04-13 19:33:58.214 [main] INFO  calculator.Calculator - [RESULT - NATURAL LOG] - 1.3862943611198906
